<?xml version="1.0" encoding="UTF-8"?>
<!-- Generated by org.testng.reporters.JUnitXMLReporter -->
<testsuite ignored="0" hostname="FSF" failures="0" tests="3" name="Surefire test" time="117.975" errors="0" timestamp="2024-11-25T18:22:59 TRT">
  <testcase classname="com.studycase.TestAutomation.FormTest" name="testFormSubmission" time="11.847"/>
  <testcase classname="com.studycase.TestAutomation.NavbarTest" name="testNavbarLinks" time="76.35"/>
  <testcase classname="com.studycase.TestAutomation.SearchTest" name="testSearchAndNavigate" time="16.143"/>
</testsuite> <!-- Surefire test -->
