<?xml version="1.0" encoding="UTF-8"?>
<testng-results ignored="0" total="1" passed="1" failed="0" skipped="0">
  <reporter-output>
  </reporter-output>
  <suite started-at="2024-11-24T19:44:39 TRT" name="Default suite" finished-at="2024-11-24T19:45:02 TRT" duration-ms="22891">
    <groups>
    </groups>
    <test started-at="2024-11-24T19:44:39 TRT" name="Default test" finished-at="2024-11-24T19:45:02 TRT" duration-ms="22891">
      <class name="com.studycase.TestAutomation.SearchTest">
        <test-method is-config="true" signature="setUp()[pri:0, instance:com.studycase.TestAutomation.SearchTest@77888435]" started-at="2024-11-24T19:44:39 TRT" name="setUp" finished-at="2024-11-24T19:44:45 TRT" duration-ms="5529" status="PASS">
          <reporter-output>
          </reporter-output>
        </test-method> <!-- setUp -->
        <test-method signature="testSearchAndNavigate()[pri:0, instance:com.studycase.TestAutomation.SearchTest@77888435]" started-at="2024-11-24T19:44:45 TRT" name="testSearchAndNavigate" finished-at="2024-11-24T19:45:02 TRT" duration-ms="17149" status="PASS">
          <reporter-output>
          </reporter-output>
        </test-method> <!-- testSearchAndNavigate -->
        <test-method is-config="true" signature="tearDown()[pri:0, instance:com.studycase.TestAutomation.SearchTest@77888435]" started-at="2024-11-24T19:45:02 TRT" name="tearDown" finished-at="2024-11-24T19:45:02 TRT" duration-ms="191" status="PASS">
          <reporter-output>
          </reporter-output>
        </test-method> <!-- tearDown -->
      </class> <!-- com.studycase.TestAutomation.SearchTest -->
    </test> <!-- Default test -->
  </suite> <!-- Default suite -->
</testng-results>
